{
	"numFailedTestSuites": 1,
	"numFailedTests": 3,
	"numPassedTestSuites": 0,
	"numPassedTests": 0,
	"numPendingTestSuites": 0,
	"numPendingTests": 0,
	"numRuntimeErrorTestSuites": 0,
	"numTodoTests": 0,
	"numTotalTestSuites": 1,
	"numTotalTests": 3,
	"openHandles": [],
	"snapshot": {
		"added": 0,
		"didUpdate": false,
		"failure": false,
		"filesAdded": 0,
		"filesRemoved": 0,
		"filesRemovedList": [],
		"filesUnmatched": 0,
		"filesUpdated": 0,
		"matched": 0,
		"total": 0,
		"unchecked": 0,
		"uncheckedKeysByFile": [],
		"unmatched": 0,
		"updated": 0
	},
	"startTime": 1762966220130,
	"success": false,
	"testResults": [
		{
			"assertionResults": [
				{
					"ancestorTitles": ["PixelatedVoiceCloneCard"],
					"duration": 140,
					"failureDetails": [
						{
							"name": "TSError",
							"diagnosticText": "\u001b[96msrc/components/ui/pixelated-voice-clone-card.tsx\u001b[0m:\u001b[93m242\u001b[0m:\u001b[93m1\u001b[0m - \u001b[91merror\u001b[0m\u001b[90m TS1005: \u001b[0m'}' expected.\n\n\u001b[7m242\u001b[0m \n\u001b[7m   \u001b[0m \u001b[91m\u001b[0m\n\n  \u001b[96msrc/components/ui/pixelated-voice-clone-card.tsx\u001b[0m:\u001b[93m56\u001b[0m:\u001b[93m34\u001b[0m\n    \u001b[7m56\u001b[0m }: PixelatedVoiceCloneCardProps) {\n    \u001b[7m  \u001b[0m \u001b[96m                                 ~\u001b[0m\n    The parser expected to find a '}' to match the '{' token here.\n",
							"diagnosticCodes": [1005]
						}
					],
					"failureMessages": [""],
					"fullName": "PixelatedVoiceCloneCard renders the pixelated canvas with the expected defaults",
					"invocations": 1,
					"location": null,
					"numPassingAsserts": 0,
					"retryReasons": [],
					"status": "failed",
					"title": "renders the pixelated canvas with the expected defaults"
				},
				{
					"ancestorTitles": ["PixelatedVoiceCloneCard"],
					"duration": 42,
					"failureDetails": [
						{
							"name": "TSError",
							"diagnosticText": "\u001b[96msrc/components/ui/pixelated-voice-clone-card.tsx\u001b[0m:\u001b[93m242\u001b[0m:\u001b[93m1\u001b[0m - \u001b[91merror\u001b[0m\u001b[90m TS1005: \u001b[0m'}' expected.\n\n\u001b[7m242\u001b[0m \n\u001b[7m   \u001b[0m \u001b[91m\u001b[0m\n\n  \u001b[96msrc/components/ui/pixelated-voice-clone-card.tsx\u001b[0m:\u001b[93m56\u001b[0m:\u001b[93m34\u001b[0m\n    \u001b[7m56\u001b[0m }: PixelatedVoiceCloneCardProps) {\n    \u001b[7m  \u001b[0m \u001b[96m                                 ~\u001b[0m\n    The parser expected to find a '}' to match the '{' token here.\n",
							"diagnosticCodes": [1005]
						}
					],
					"failureMessages": [""],
					"fullName": "PixelatedVoiceCloneCard shows before and after voice cloning messaging",
					"invocations": 1,
					"location": null,
					"numPassingAsserts": 0,
					"retryReasons": [],
					"status": "failed",
					"title": "shows before and after voice cloning messaging"
				},
				{
					"ancestorTitles": ["PixelatedVoiceCloneCard"],
					"duration": 36,
					"failureDetails": [
						{
							"name": "TSError",
							"diagnosticText": "\u001b[96msrc/components/ui/pixelated-voice-clone-card.tsx\u001b[0m:\u001b[93m242\u001b[0m:\u001b[93m1\u001b[0m - \u001b[91merror\u001b[0m\u001b[90m TS1005: \u001b[0m'}' expected.\n\n\u001b[7m242\u001b[0m \n\u001b[7m   \u001b[0m \u001b[91m\u001b[0m\n\n  \u001b[96msrc/components/ui/pixelated-voice-clone-card.tsx\u001b[0m:\u001b[93m56\u001b[0m:\u001b[93m34\u001b[0m\n    \u001b[7m56\u001b[0m }: PixelatedVoiceCloneCardProps) {\n    \u001b[7m  \u001b[0m \u001b[96m                                 ~\u001b[0m\n    The parser expected to find a '}' to match the '{' token here.\n",
							"diagnosticCodes": [1005]
						}
					],
					"failureMessages": [""],
					"fullName": "PixelatedVoiceCloneCard uses TextRevealCard to describe the cloning experience",
					"invocations": 1,
					"location": null,
					"numPassingAsserts": 0,
					"retryReasons": [],
					"status": "failed",
					"title": "uses TextRevealCard to describe the cloning experience"
				}
			],
			"endTime": 1762966222347,
			"message": "\u001b[1m\u001b[31m  \u001b[1m● \u001b[22m\u001b[1mPixelatedVoiceCloneCard › renders the pixelated canvas with the expected defaults\u001b[39m\u001b[22m\n\n\n\u001b[2m\u001b[22m\n\u001b[2m\u001b[22m\n\n\u001b[1m\u001b[31m  \u001b[1m● \u001b[22m\u001b[1mPixelatedVoiceCloneCard › shows before and after voice cloning messaging\u001b[39m\u001b[22m\n\n\n\u001b[2m\u001b[22m\n\u001b[2m\u001b[22m\n\n\u001b[1m\u001b[31m  \u001b[1m● \u001b[22m\u001b[1mPixelatedVoiceCloneCard › uses TextRevealCard to describe the cloning experience\u001b[39m\u001b[22m\n\n\n\u001b[2m\u001b[22m\n\u001b[2m\u001b[22m\n",
			"name": "C:\\Users\\tyriq\\Documents\\Github\\deal-scale\\src\\components\\ui\\__tests__\\PixelatedVoiceCloneCard.test.tsx",
			"startTime": 1762966221055,
			"status": "failed",
			"summary": ""
		}
	],
	"wasInterrupted": false
}
